# JRE version: Java(TM) SE Runtime Environment (7.0_51-b13) (build 1.7.0_51-b13)
# Java VM: Java HotSpot(TM) 64-Bit Server VM (24.51-b03 mixed mode windows-amd64 compressed oops)
Heap
 PSYoungGen      total 70144K, used 42611K [0x00000000eb400000, 0x00000000f4100000, 0x0000000100000000)
  eden space 65536K, 57% used [0x00000000eb400000,0x00000000ed91ccb8,0x00000000ef400000)
  from space 4608K, 100% used [0x00000000ef400000,0x00000000ef880000,0x00000000ef880000)
  to   space 6656K, 0% used [0x00000000f3a80000,0x00000000f3a80000,0x00000000f4100000)
 ParOldGen       total 42496K, used 10282K [0x00000000c1c00000, 0x00000000c4580000, 0x00000000eb400000)
  object space 42496K, 24% used [0x00000000c1c00000,0x00000000c260a8c8,0x00000000c4580000)
 PSPermGen       total 21504K, used 17229K [0x00000000bca00000, 0x00000000bdf00000, 0x00000000c1c00000)
  object space 21504K, 80% used [0x00000000bca00000,0x00000000bdad3708,0x00000000bdf00000)
GC Heap History (10 events):
Event: 1.942 GC heap before
{Heap before GC invocations=3 (full 0):
 PSYoungGen      total 18944K, used 18920K [0x00000000eb400000, 0x00000000ec900000, 0x0000000100000000)
  eden space 16384K, 100% used [0x00000000eb400000,0x00000000ec400000,0x00000000ec400000)
  from space 2560K, 99% used [0x00000000ec680000,0x00000000ec8fa1f8,0x00000000ec900000)
  to   space 2560K, 0% used [0x00000000ec400000,0x00000000ec400000,0x00000000ec680000)
 ParOldGen       total 42496K, used 2594K [0x00000000c1c00000, 0x00000000c4580000, 0x00000000eb400000)
  object space 42496K, 6% used [0x00000000c1c00000,0x00000000c1e88be8,0x00000000c4580000)
 PSPermGen       total 21504K, used 10254K [0x00000000bca00000, 0x00000000bdf00000, 0x00000000c1c00000)
  object space 21504K, 47% used [0x00000000bca00000,0x00000000bd403ab8,0x00000000bdf00000)
Event: 1.948 GC heap after
Heap after GC invocations=3 (full 0):
 PSYoungGen      total 18944K, used 2536K [0x00000000eb400000, 0x00000000ed900000, 0x0000000100000000)
  eden space 16384K, 0% used [0x00000000eb400000,0x00000000eb400000,0x00000000ec400000)
  from space 2560K, 99% used [0x00000000ec400000,0x00000000ec67a040,0x00000000ec680000)
  to   space 2560K, 0% used [0x00000000ed680000,0x00000000ed680000,0x00000000ed900000)
 ParOldGen       total 42496K, used 3972K [0x00000000c1c00000, 0x00000000c4580000, 0x00000000eb400000)
  object space 42496K, 9% used [0x00000000c1c00000,0x00000000c1fe1098,0x00000000c4580000)
 PSPermGen       total 21504K, used 10254K [0x00000000bca00000, 0x00000000bdf00000, 0x00000000c1c00000)
  object space 21504K, 47% used [0x00000000bca00000,0x00000000bd403ab8,0x00000000bdf00000)
}
Event: 2.250 GC heap before
{Heap before GC invocations=4 (full 0):
 PSYoungGen      total 18944K, used 18920K [0x00000000eb400000, 0x00000000ed900000, 0x0000000100000000)
  eden space 16384K, 100% used [0x00000000eb400000,0x00000000ec400000,0x00000000ec400000)
  from space 2560K, 99% used [0x00000000ec400000,0x00000000ec67a040,0x00000000ec680000)
  to   space 2560K, 0% used [0x00000000ed680000,0x00000000ed680000,0x00000000ed900000)
 ParOldGen       total 42496K, used 3972K [0x00000000c1c00000, 0x00000000c4580000, 0x00000000eb400000)
  object space 42496K, 9% used [0x00000000c1c00000,0x00000000c1fe1098,0x00000000c4580000)
 PSPermGen       total 21504K, used 11496K [0x00000000bca00000, 0x00000000bdf00000, 0x00000000c1c00000)
  object space 21504K, 53% used [0x00000000bca00000,0x00000000bd53a360,0x00000000bdf00000)
Event: 2.257 GC heap after
Heap after GC invocations=4 (full 0):
 PSYoungGen      total 35328K, used 2552K [0x00000000eb400000, 0x00000000ed900000, 0x0000000100000000)
  eden space 32768K, 0% used [0x00000000eb400000,0x00000000eb400000,0x00000000ed400000)
  from space 2560K, 99% used [0x00000000ed680000,0x00000000ed8fe1f8,0x00000000ed900000)
  to   space 2560K, 0% used [0x00000000ed400000,0x00000000ed400000,0x00000000ed680000)
 ParOldGen       total 42496K, used 5182K [0x00000000c1c00000, 0x00000000c4580000, 0x00000000eb400000)
  object space 42496K, 12% used [0x00000000c1c00000,0x00000000c210f870,0x00000000c4580000)
 PSPermGen       total 21504K, used 11496K [0x00000000bca00000, 0x00000000bdf00000, 0x00000000c1c00000)
  object space 21504K, 53% used [0x00000000bca00000,0x00000000bd53a360,0x00000000bdf00000)
}
Event: 2.807 GC heap before
{Heap before GC invocations=5 (full 0):
 PSYoungGen      total 35328K, used 35320K [0x00000000eb400000, 0x00000000ed900000, 0x0000000100000000)
  eden space 32768K, 100% used [0x00000000eb400000,0x00000000ed400000,0x00000000ed400000)
  from space 2560K, 99% used [0x00000000ed680000,0x00000000ed8fe1f8,0x00000000ed900000)
  to   space 2560K, 0% used [0x00000000ed400000,0x00000000ed400000,0x00000000ed680000)
 ParOldGen       total 42496K, used 5182K [0x00000000c1c00000, 0x00000000c4580000, 0x00000000eb400000)
  object space 42496K, 12% used [0x00000000c1c00000,0x00000000c210f870,0x00000000c4580000)
 PSPermGen       total 21504K, used 13483K [0x00000000bca00000, 0x00000000bdf00000, 0x00000000c1c00000)
  object space 21504K, 62% used [0x00000000bca00000,0x00000000bd72ae70,0x00000000bdf00000)
Event: 2.814 GC heap after
Heap after GC invocations=5 (full 0):
 PSYoungGen      total 35328K, used 2552K [0x00000000eb400000, 0x00000000efd00000, 0x0000000100000000)
  eden space 32768K, 0% used [0x00000000eb400000,0x00000000eb400000,0x00000000ed400000)
  from space 2560K, 99% used [0x00000000ed400000,0x00000000ed67e010,0x00000000ed680000)
  to   space 4608K, 0% used [0x00000000ef880000,0x00000000ef880000,0x00000000efd00000)
 ParOldGen       total 42496K, used 7308K [0x00000000c1c00000, 0x00000000c4580000, 0x00000000eb400000)
  object space 42496K, 17% used [0x00000000c1c00000,0x00000000c2323090,0x00000000c4580000)
 PSPermGen       total 21504K, used 13483K [0x00000000bca00000, 0x00000000bdf00000, 0x00000000c1c00000)
  object space 21504K, 62% used [0x00000000bca00000,0x00000000bd72ae70,0x00000000bdf00000)
}
Event: 3.185 GC heap before
{Heap before GC invocations=6 (full 0):
 PSYoungGen      total 35328K, used 35320K [0x00000000eb400000, 0x00000000efd00000, 0x0000000100000000)
  eden space 32768K, 100% used [0x00000000eb400000,0x00000000ed400000,0x00000000ed400000)
  from space 2560K, 99% used [0x00000000ed400000,0x00000000ed67e010,0x00000000ed680000)
  to   space 4608K, 0% used [0x00000000ef880000,0x00000000ef880000,0x00000000efd00000)
 ParOldGen       total 42496K, used 7308K [0x00000000c1c00000, 0x00000000c4580000, 0x00000000eb400000)
  object space 42496K, 17% used [0x00000000c1c00000,0x00000000c2323090,0x00000000c4580000)
 PSPermGen       total 21504K, used 14380K [0x00000000bca00000, 0x00000000bdf00000, 0x00000000c1c00000)
  object space 21504K, 66% used [0x00000000bca00000,0x00000000bd80b3a0,0x00000000bdf00000)
Event: 3.193 GC heap after
Heap after GC invocations=6 (full 0):
 PSYoungGen      total 70144K, used 4184K [0x00000000eb400000, 0x00000000efd00000, 0x0000000100000000)
  eden space 65536K, 0% used [0x00000000eb400000,0x00000000eb400000,0x00000000ef400000)
  from space 4608K, 90% used [0x00000000ef880000,0x00000000efc961f8,0x00000000efd00000)
  to   space 4608K, 0% used [0x00000000ef400000,0x00000000ef400000,0x00000000ef880000)
 ParOldGen       total 42496K, used 7316K [0x00000000c1c00000, 0x00000000c4580000, 0x00000000eb400000)
  object space 42496K, 17% used [0x00000000c1c00000,0x00000000c2325090,0x00000000c4580000)
 PSPermGen       total 21504K, used 14380K [0x00000000bca00000, 0x00000000bdf00000, 0x00000000c1c00000)
  object space 21504K, 66% used [0x00000000bca00000,0x00000000bd80b3a0,0x00000000bdf00000)
}
Event: 4.272 GC heap before
{Heap before GC invocations=7 (full 0):
 PSYoungGen      total 70144K, used 69720K [0x00000000eb400000, 0x00000000efd00000, 0x0000000100000000)
  eden space 65536K, 100% used [0x00000000eb400000,0x00000000ef400000,0x00000000ef400000)
  from space 4608K, 90% used [0x00000000ef880000,0x00000000efc961f8,0x00000000efd00000)
  to   space 4608K, 0% used [0x00000000ef400000,0x00000000ef400000,0x00000000ef880000)
 ParOldGen       total 42496K, used 7316K [0x00000000c1c00000, 0x00000000c4580000, 0x00000000eb400000)
  object space 42496K, 17% used [0x00000000c1c00000,0x00000000c2325090,0x00000000c4580000)
 PSPermGen       total 21504K, used 16945K [0x00000000bca00000, 0x00000000bdf00000, 0x00000000c1c00000)
  object space 21504K, 78% used [0x00000000bca00000,0x00000000bda8c608,0x00000000bdf00000)
Event: 4.289 GC heap after
Heap after GC invocations=7 (full 0):
 PSYoungGen      total 70144K, used 4608K [0x00000000eb400000, 0x00000000f4100000, 0x0000000100000000)
  eden space 65536K, 0% used [0x00000000eb400000,0x00000000eb400000,0x00000000ef400000)
  from space 4608K, 100% used [0x00000000ef400000,0x00000000ef880000,0x00000000ef880000)
  to   space 6656K, 0% used [0x00000000f3a80000,0x00000000f3a80000,0x00000000f4100000)
 ParOldGen       total 42496K, used 10282K [0x00000000c1c00000, 0x00000000c4580000, 0x00000000eb400000)
  object space 42496K, 24% used [0x00000000c1c00000,0x00000000c260a8c8,0x00000000c4580000)
 PSPermGen       total 21504K, used 16945K [0x00000000bca00000, 0x00000000bdf00000, 0x00000000c1c00000)
  object space 21504K, 78% used [0x00000000bca00000,0x00000000bda8c608,0x00000000bdf00000)
}

